<?xml version="1.0" encoding="UTF-8"?>
<testng-results skipped="0" failed="0" ignored="0" total="1" passed="1">
  <reporter-output>
  </reporter-output>
  <suite name="Default suite" duration-ms="173" started-at="2021-02-24T21:45:58 MST" finished-at="2021-02-24T21:45:58 MST">
    <groups>
    </groups>
    <test name="Default test" duration-ms="173" started-at="2021-02-24T21:45:58 MST" finished-at="2021-02-24T21:45:58 MST">
      <class name="maven.firstprgm">
        <test-method status="PASS" signature="beforeClass()[pri:0, instance:maven.firstprgm@51cdd8a]" name="beforeClass" is-config="true" duration-ms="33" started-at="2021-02-24T21:45:58 MST" finished-at="2021-02-24T21:45:58 MST">
          <reporter-output>
          </reporter-output>
        </test-method> <!-- beforeClass -->
        <test-method status="PASS" signature="beforeMethod()[pri:0, instance:maven.firstprgm@51cdd8a]" name="beforeMethod" is-config="true" duration-ms="1" started-at="2021-02-24T21:45:58 MST" finished-at="2021-02-24T21:45:58 MST">
          <reporter-output>
          </reporter-output>
        </test-method> <!-- beforeMethod -->
        <test-method status="PASS" signature="test1()[pri:0, instance:maven.firstprgm@51cdd8a]" name="test1" duration-ms="17" started-at="2021-02-24T21:45:58 MST" finished-at="2021-02-24T21:45:58 MST">
          <reporter-output>
          </reporter-output>
        </test-method> <!-- test1 -->
        <test-method status="PASS" signature="afterMethod()[pri:0, instance:maven.firstprgm@51cdd8a]" name="afterMethod" is-config="true" duration-ms="1" started-at="2021-02-24T21:45:58 MST" finished-at="2021-02-24T21:45:58 MST">
          <reporter-output>
          </reporter-output>
        </test-method> <!-- afterMethod -->
        <test-method status="PASS" signature="afterClass()[pri:0, instance:maven.firstprgm@51cdd8a]" name="afterClass" is-config="true" duration-ms="2" started-at="2021-02-24T21:45:58 MST" finished-at="2021-02-24T21:45:58 MST">
          <reporter-output>
          </reporter-output>
        </test-method> <!-- afterClass -->
      </class> <!-- maven.firstprgm -->
    </test> <!-- Default test -->
  </suite> <!-- Default suite -->
</testng-results>
